[
  {
    "line": 7,
    "elements": [
      {
        "start_timestamp": "2023-02-04T17:58:33.455Z",
        "line": 11,
        "name": "Title of your scenario",
        "description": "",
        "id": "login-to-facebook-app;title-of-your-scenario",
        "after": [
          {
            "result": {
              "error_message": "org.picocontainer.injectors.AbstractInjector$UnsatisfiableDependenciesException: StepDefinition_Files.ScreenshotStepDefs has unsatisfied dependency \u0027interface org.openqa.selenium.WebDriver\u0027 for constructor \u0027public StepDefinition_Files.ScreenshotStepDefs(org.openqa.selenium.WebDriver)\u0027 from org.picocontainer.DefaultPicoContainer@428bdd72:5\u003c|\r\n\tat org.picocontainer.injectors.ConstructorInjector.getGreediestSatisfiableConstructor(ConstructorInjector.java:191)\r\n\tat org.picocontainer.injectors.ConstructorInjector.getGreediestSatisfiableConstructor(ConstructorInjector.java:110)\r\n\tat org.picocontainer.injectors.ConstructorInjector.access$100(ConstructorInjector.java:51)\r\n\tat org.picocontainer.injectors.ConstructorInjector$1.run(ConstructorInjector.java:331)\r\n\tat org.picocontainer.injectors.AbstractInjector$ThreadLocalCyclicDependencyGuard.observe(AbstractInjector.java:270)\r\n\tat org.picocontainer.injectors.ConstructorInjector.getComponentInstance(ConstructorInjector.java:364)\r\n\tat org.picocontainer.injectors.AbstractInjectionFactory$LifecycleAdapter.getComponentInstance(AbstractInjectionFactory.java:56)\r\n\tat org.picocontainer.behaviors.AbstractBehavior.getComponentInstance(AbstractBehavior.java:64)\r\n\tat org.picocontainer.behaviors.Stored.getComponentInstance(Stored.java:91)\r\n\tat org.picocontainer.DefaultPicoContainer.getInstance(DefaultPicoContainer.java:699)\r\n\tat org.picocontainer.DefaultPicoContainer.getComponent(DefaultPicoContainer.java:647)\r\n\tat org.picocontainer.DefaultPicoContainer.getComponent(DefaultPicoContainer.java:678)\r\n\tat io.cucumber.picocontainer.PicoFactory.getInstance(PicoFactory.java:47)\r\n\tat io.cucumber.java.AbstractGlueDefinition.invokeMethod(AbstractGlueDefinition.java:47)\r\n\tat io.cucumber.java.JavaHookDefinition.execute(JavaHookDefinition.java:59)\r\n\tat io.cucumber.core.runner.CoreHookDefinition.execute(CoreHookDefinition.java:46)\r\n\tat io.cucumber.core.runner.HookDefinitionMatch.runStep(HookDefinitionMatch.java:21)\r\n\tat io.cucumber.core.runner.ExecutionMode$1.execute(ExecutionMode.java:10)\r\n\tat io.cucumber.core.runner.TestStep.executeStep(TestStep.java:92)\r\n\tat io.cucumber.core.runner.TestStep.run(TestStep.java:64)\r\n\tat io.cucumber.core.runner.TestCase.run(TestCase.java:110)\r\n\tat io.cucumber.core.runner.Runner.runPickle(Runner.java:73)\r\n\tat io.cucumber.junit.PickleRunners$NoStepDescriptions.run(PickleRunners.java:151)\r\n\tat io.cucumber.junit.FeatureRunner.runChild(FeatureRunner.java:135)\r\n\tat io.cucumber.junit.FeatureRunner.runChild(FeatureRunner.java:27)\r\n\tat org.junit.runners.ParentRunner$3.run(ParentRunner.java:238)\r\n\tat org.junit.runners.ParentRunner$1.schedule(ParentRunner.java:63)\r\n\tat org.junit.runners.ParentRunner.runChildren(ParentRunner.java:236)\r\n\tat org.junit.runners.ParentRunner.access$000(ParentRunner.java:53)\r\n\tat org.junit.runners.ParentRunner$2.evaluate(ParentRunner.java:229)\r\n\tat org.junit.runners.ParentRunner.run(ParentRunner.java:309)\r\n\tat io.cucumber.junit.Cucumber.runChild(Cucumber.java:200)\r\n\tat io.cucumber.junit.Cucumber.runChild(Cucumber.java:90)\r\n\tat org.junit.runners.ParentRunner$3.run(ParentRunner.java:238)\r\n\tat org.junit.runners.ParentRunner$1.schedule(ParentRunner.java:63)\r\n\tat org.junit.runners.ParentRunner.runChildren(ParentRunner.java:236)\r\n\tat org.junit.runners.ParentRunner.access$000(ParentRunner.java:53)\r\n\tat org.junit.runners.ParentRunner$2.evaluate(ParentRunner.java:229)\r\n\tat io.cucumber.junit.Cucumber$RunCucumber.evaluate(Cucumber.java:235)\r\n\tat org.junit.runners.ParentRunner.run(ParentRunner.java:309)\r\n\tat org.eclipse.jdt.internal.junit4.runner.JUnit4TestReference.run(JUnit4TestReference.java:93)\r\n\tat org.eclipse.jdt.internal.junit.runner.TestExecution.run(TestExecution.java:40)\r\n\tat org.eclipse.jdt.internal.junit.runner.RemoteTestRunner.runTests(RemoteTestRunner.java:529)\r\n\tat org.eclipse.jdt.internal.junit.runner.RemoteTestRunner.runTests(RemoteTestRunner.java:756)\r\n\tat org.eclipse.jdt.internal.junit.runner.RemoteTestRunner.run(RemoteTestRunner.java:452)\r\n\tat org.eclipse.jdt.internal.junit.runner.RemoteTestRunner.main(RemoteTestRunner.java:210)\r\n",
              "duration": 5997400,
              "status": "failed"
            },
            "match": {
              "location": "StepDefinition_Files.ScreenshotStepDefs.afterScenario(io.cucumber.java.Scenario)"
            }
          }
        ],
        "type": "scenario",
        "keyword": "Scenario",
        "steps": [
          {
            "result": {
              "error_message": "org.openqa.selenium.NoSuchElementException: no such element: Unable to locate element: {\"method\":\"xpath\",\"selector\":\"//input[@class\u003d\u0027x1i10hfl xggy1nq x1s07b3s x1kdt53j x1yc453h xhb22t3 xb5gni xcj1dhv x2s2ed0 xq33zhf xjyslct xjbqb8w x6umtig x1b1mbwd xaqea5y xav7gou xnwf7zb x40j3uw x1s7lred x15gyhx8 x9f619 xzsf02u xdl72j9 x1iyjqo2 xs83m0k xjb2p0i x6prxxf xeuugli x1a2a7pz x1n2onr6 x15h3p50 xm7lytj x1sxyh0 xdvlbce xurb0ha x1vqgdyp xo6swyp x1ad04t7 x1glnyev x1ix68h3 x19gujb8\u0027]\"}\n  (Session info: chrome\u003d109.0.5414.119)\nFor documentation on this error, please visit: https://www.seleniumhq.org/exceptions/no_such_element.html\nBuild info: version: \u00273.141.59\u0027, revision: \u0027e82be7d358\u0027, time: \u00272018-11-14T08:17:03\u0027\nSystem info: host: \u0027DESKTOP-VT2BQ7B\u0027, ip: \u0027192.168.2.33\u0027, os.name: \u0027Windows 10\u0027, os.arch: \u0027amd64\u0027, os.version: \u002710.0\u0027, java.version: \u002717.0.2\u0027\nDriver info: org.openqa.selenium.chrome.ChromeDriver\nCapabilities {acceptInsecureCerts: false, browserName: chrome, browserVersion: 109.0.5414.119, chrome: {chromedriverVersion: 109.0.5414.74 (e7c5703604da..., userDataDir: C:\\Users\\Admin\\AppData\\Loca...}, goog:chromeOptions: {debuggerAddress: localhost:56859}, javascriptEnabled: true, networkConnectionEnabled: false, pageLoadStrategy: normal, platform: WINDOWS, platformName: WINDOWS, proxy: Proxy(), setWindowRect: true, strictFileInteractability: false, timeouts: {implicit: 0, pageLoad: 300000, script: 30000}, unhandledPromptBehavior: dismiss and notify, webauthn:extension:credBlob: true, webauthn:extension:largeBlob: true, webauthn:virtualAuthenticators: true}\nSession ID: 03dd45258e246062af58bbc29d5c0979\n*** Element info: {Using\u003dxpath, value\u003d//input[@class\u003d\u0027x1i10hfl xggy1nq x1s07b3s x1kdt53j x1yc453h xhb22t3 xb5gni xcj1dhv x2s2ed0 xq33zhf xjyslct xjbqb8w x6umtig x1b1mbwd xaqea5y xav7gou xnwf7zb x40j3uw x1s7lred x15gyhx8 x9f619 xzsf02u xdl72j9 x1iyjqo2 xs83m0k xjb2p0i x6prxxf xeuugli x1a2a7pz x1n2onr6 x15h3p50 xm7lytj x1sxyh0 xdvlbce xurb0ha x1vqgdyp xo6swyp x1ad04t7 x1glnyev x1ix68h3 x19gujb8\u0027]}\r\n\tat java.base/jdk.internal.reflect.NativeConstructorAccessorImpl.newInstance0(Native Method)\r\n\tat java.base/jdk.internal.reflect.NativeConstructorAccessorImpl.newInstance(NativeConstructorAccessorImpl.java:77)\r\n\tat java.base/jdk.internal.reflect.DelegatingConstructorAccessorImpl.newInstance(DelegatingConstructorAccessorImpl.java:45)\r\n\tat java.base/java.lang.reflect.Constructor.newInstanceWithCaller(Constructor.java:499)\r\n\tat java.base/java.lang.reflect.Constructor.newInstance(Constructor.java:480)\r\n\tat org.openqa.selenium.remote.http.W3CHttpResponseCodec.createException(W3CHttpResponseCodec.java:187)\r\n\tat org.openqa.selenium.remote.http.W3CHttpResponseCodec.decode(W3CHttpResponseCodec.java:122)\r\n\tat org.openqa.selenium.remote.http.W3CHttpResponseCodec.decode(W3CHttpResponseCodec.java:49)\r\n\tat org.openqa.selenium.remote.HttpCommandExecutor.execute(HttpCommandExecutor.java:158)\r\n\tat org.openqa.selenium.remote.service.DriverCommandExecutor.execute(DriverCommandExecutor.java:83)\r\n\tat org.openqa.selenium.remote.RemoteWebDriver.execute(RemoteWebDriver.java:552)\r\n\tat org.openqa.selenium.remote.RemoteWebDriver.findElement(RemoteWebDriver.java:323)\r\n\tat org.openqa.selenium.remote.RemoteWebDriver.findElementByXPath(RemoteWebDriver.java:428)\r\n\tat org.openqa.selenium.By$ByXPath.findElement(By.java:353)\r\n\tat org.openqa.selenium.remote.RemoteWebDriver.findElement(RemoteWebDriver.java:315)\r\n\tat StepDefinition_Files.FaceBook_Login_Step_Defintion.i_launch_browser(FaceBook_Login_Step_Defintion.java:41)\r\n\tat ✽.I launch Browser(file:///C:/Users/Admin/eclipse-workspace/BDD_CUCUMBER/src/test/resources/Cucumber/FaceBook_Login.feature:12)\r\n",
              "duration": 11477503000,
              "status": "failed"
            },
            "line": 12,
            "name": "I launch Browser",
            "match": {
              "location": "StepDefinition_Files.FaceBook_Login_Step_Defintion.i_launch_browser()"
            },
            "keyword": "Given "
          },
          {
            "result": {
              "duration": 999800,
              "status": "skipped"
            },
            "line": 13,
            "name": "enter user id and password",
            "match": {
              "location": "StepDefinition_Files.FaceBook_Login_Step_Defintion.enter_user_id_and_password()"
            },
            "keyword": "When "
          },
          {
            "result": {
              "duration": 1000900,
              "status": "skipped"
            },
            "line": 14,
            "name": "I reach on home page",
            "match": {
              "location": "StepDefinition_Files.FaceBook_Login_Step_Defintion.i_reach_on_home_page()"
            },
            "keyword": "Then "
          }
        ],
        "tags": [
          {
            "name": "@Login"
          },
          {
            "name": "@LogintoFacebookapp"
          }
        ]
      },
      {
        "start_timestamp": "2023-02-04T17:58:45.147Z",
        "line": 18,
        "name": "I want to log out",
        "description": "",
        "id": "login-to-facebook-app;i-want-to-log-out",
        "after": [
          {
            "result": {
              "error_message": "org.picocontainer.injectors.AbstractInjector$UnsatisfiableDependenciesException: StepDefinition_Files.ScreenshotStepDefs has unsatisfied dependency \u0027interface org.openqa.selenium.WebDriver\u0027 for constructor \u0027public StepDefinition_Files.ScreenshotStepDefs(org.openqa.selenium.WebDriver)\u0027 from org.picocontainer.DefaultPicoContainer@14924f41:5\u003c|\r\n\tat org.picocontainer.injectors.ConstructorInjector.getGreediestSatisfiableConstructor(ConstructorInjector.java:191)\r\n\tat org.picocontainer.injectors.ConstructorInjector.getGreediestSatisfiableConstructor(ConstructorInjector.java:110)\r\n\tat org.picocontainer.injectors.ConstructorInjector.access$100(ConstructorInjector.java:51)\r\n\tat org.picocontainer.injectors.ConstructorInjector$1.run(ConstructorInjector.java:331)\r\n\tat org.picocontainer.injectors.AbstractInjector$ThreadLocalCyclicDependencyGuard.observe(AbstractInjector.java:270)\r\n\tat org.picocontainer.injectors.ConstructorInjector.getComponentInstance(ConstructorInjector.java:364)\r\n\tat org.picocontainer.injectors.AbstractInjectionFactory$LifecycleAdapter.getComponentInstance(AbstractInjectionFactory.java:56)\r\n\tat org.picocontainer.behaviors.AbstractBehavior.getComponentInstance(AbstractBehavior.java:64)\r\n\tat org.picocontainer.behaviors.Stored.getComponentInstance(Stored.java:91)\r\n\tat org.picocontainer.DefaultPicoContainer.getInstance(DefaultPicoContainer.java:699)\r\n\tat org.picocontainer.DefaultPicoContainer.getComponent(DefaultPicoContainer.java:647)\r\n\tat org.picocontainer.DefaultPicoContainer.getComponent(DefaultPicoContainer.java:678)\r\n\tat io.cucumber.picocontainer.PicoFactory.getInstance(PicoFactory.java:47)\r\n\tat io.cucumber.java.AbstractGlueDefinition.invokeMethod(AbstractGlueDefinition.java:47)\r\n\tat io.cucumber.java.JavaHookDefinition.execute(JavaHookDefinition.java:59)\r\n\tat io.cucumber.core.runner.CoreHookDefinition.execute(CoreHookDefinition.java:46)\r\n\tat io.cucumber.core.runner.HookDefinitionMatch.runStep(HookDefinitionMatch.java:21)\r\n\tat io.cucumber.core.runner.ExecutionMode$1.execute(ExecutionMode.java:10)\r\n\tat io.cucumber.core.runner.TestStep.executeStep(TestStep.java:92)\r\n\tat io.cucumber.core.runner.TestStep.run(TestStep.java:64)\r\n\tat io.cucumber.core.runner.TestCase.run(TestCase.java:110)\r\n\tat io.cucumber.core.runner.Runner.runPickle(Runner.java:73)\r\n\tat io.cucumber.junit.PickleRunners$NoStepDescriptions.run(PickleRunners.java:151)\r\n\tat io.cucumber.junit.FeatureRunner.runChild(FeatureRunner.java:135)\r\n\tat io.cucumber.junit.FeatureRunner.runChild(FeatureRunner.java:27)\r\n\tat org.junit.runners.ParentRunner$3.run(ParentRunner.java:238)\r\n\tat org.junit.runners.ParentRunner$1.schedule(ParentRunner.java:63)\r\n\tat org.junit.runners.ParentRunner.runChildren(ParentRunner.java:236)\r\n\tat org.junit.runners.ParentRunner.access$000(ParentRunner.java:53)\r\n\tat org.junit.runners.ParentRunner$2.evaluate(ParentRunner.java:229)\r\n\tat org.junit.runners.ParentRunner.run(ParentRunner.java:309)\r\n\tat io.cucumber.junit.Cucumber.runChild(Cucumber.java:200)\r\n\tat io.cucumber.junit.Cucumber.runChild(Cucumber.java:90)\r\n\tat org.junit.runners.ParentRunner$3.run(ParentRunner.java:238)\r\n\tat org.junit.runners.ParentRunner$1.schedule(ParentRunner.java:63)\r\n\tat org.junit.runners.ParentRunner.runChildren(ParentRunner.java:236)\r\n\tat org.junit.runners.ParentRunner.access$000(ParentRunner.java:53)\r\n\tat org.junit.runners.ParentRunner$2.evaluate(ParentRunner.java:229)\r\n\tat io.cucumber.junit.Cucumber$RunCucumber.evaluate(Cucumber.java:235)\r\n\tat org.junit.runners.ParentRunner.run(ParentRunner.java:309)\r\n\tat org.eclipse.jdt.internal.junit4.runner.JUnit4TestReference.run(JUnit4TestReference.java:93)\r\n\tat org.eclipse.jdt.internal.junit.runner.TestExecution.run(TestExecution.java:40)\r\n\tat org.eclipse.jdt.internal.junit.runner.RemoteTestRunner.runTests(RemoteTestRunner.java:529)\r\n\tat org.eclipse.jdt.internal.junit.runner.RemoteTestRunner.runTests(RemoteTestRunner.java:756)\r\n\tat org.eclipse.jdt.internal.junit.runner.RemoteTestRunner.run(RemoteTestRunner.java:452)\r\n\tat org.eclipse.jdt.internal.junit.runner.RemoteTestRunner.main(RemoteTestRunner.java:210)\r\n",
              "duration": 999600,
              "status": "failed"
            },
            "match": {
              "location": "StepDefinition_Files.ScreenshotStepDefs.afterScenario(io.cucumber.java.Scenario)"
            }
          }
        ],
        "type": "scenario",
        "keyword": "Scenario",
        "steps": [
          {
            "result": {
              "error_message": "io.cucumber.java.PendingException: TODO: implement me\r\n\tat StepDefinition_Files.FaceBook_Login_Step_Defintion.i_click_on_logout(FaceBook_Login_Step_Defintion.java:65)\r\n\tat ✽.I click on logout(file:///C:/Users/Admin/eclipse-workspace/BDD_CUCUMBER/src/test/resources/Cucumber/FaceBook_Login.feature:19)\r\n",
              "duration": 22984800,
              "status": "pending"
            },
            "line": 19,
            "name": "I click on logout",
            "match": {
              "location": "StepDefinition_Files.FaceBook_Login_Step_Defintion.i_click_on_logout()"
            },
            "keyword": "Given "
          },
          {
            "result": {
              "duration": 1999600,
              "status": "skipped"
            },
            "line": 20,
            "name": "I log out and come to face book log in page",
            "match": {
              "location": "StepDefinition_Files.FaceBook_Login_Step_Defintion.i_log_out_and_come_to_face_book_log_in_page()"
            },
            "keyword": "Then "
          }
        ],
        "tags": [
          {
            "name": "@Login"
          },
          {
            "name": "@logout"
          }
        ]
      }
    ],
    "name": "Login to Facebook App",
    "description": "",
    "id": "login-to-facebook-app",
    "keyword": "Feature",
    "uri": "file:src/test/resources/Cucumber/FaceBook_Login.feature",
    "tags": [
      {
        "name": "@Login",
        "type": "Tag",
        "location": {
          "line": 6,
          "column": 1
        }
      }
    ]
  }
]