<?xml version="1.0" encoding="UTF-8"?>
<testng-results ignored="0" total="1" passed="1" failed="0" skipped="0">
  <reporter-output>
  </reporter-output>
  <suite started-at="2023-01-26T13:53:31 EST" name="Default suite" finished-at="2023-01-26T13:53:38 EST" duration-ms="7089">
    <groups>
    </groups>
    <test started-at="2023-01-26T13:53:31 EST" name="Default test" finished-at="2023-01-26T13:53:38 EST" duration-ms="7089">
      <class name="StepDefinition_Files.CSS_Value_validate_Colour">
        <test-method signature="verifycolour()[pri:0, instance:StepDefinition_Files.CSS_Value_validate_Colour@27462a88]" started-at="2023-01-26T13:53:31 EST" name="verifycolour" finished-at="2023-01-26T13:53:38 EST" duration-ms="7010" status="PASS">
          <reporter-output>
          </reporter-output>
        </test-method> <!-- verifycolour -->
      </class> <!-- StepDefinition_Files.CSS_Value_validate_Colour -->
    </test> <!-- Default test -->
  </suite> <!-- Default suite -->
</testng-results>
